<?xml version="1.0" encoding="UTF-8"?>
<!-- Generated by org.testng.reporters.JUnitReportReporter -->
<testsuite hostname="MM1" name="example.NewTest" tests="2" failures="0" timestamp="24 Apr 2016 14:12:10 GMT" time="11.503" errors="0">
  <testcase name="testEasy" time="8.111" classname="example.NewTest"/>
  <testcase name="testEasy1" time="3.392" classname="example.NewTest"/>
</testsuite> <!-- example.NewTest -->
