<?xml version="1.0" encoding="UTF-8"?>
<!-- Generated by org.testng.reporters.JUnitReportReporter -->
<testsuite hostname="MM1" name="example.NewTest" tests="3" failures="0" timestamp="24 Apr 2016 15:41:02 GMT" time="10.442" errors="0">
  <testcase name="testEasy" time="5.257" classname="example.NewTest"/>
  <testcase name="testEasy2" time="4.038" classname="example.NewTest"/>
  <testcase name="testEasy1" time="1.147" classname="example.NewTest"/>
</testsuite> <!-- example.NewTest -->
