<?xml version="1.0" encoding="UTF-8"?>
<!-- Generated by org.testng.reporters.JUnitReportReporter -->
<testsuite hostname="MM1" name="example.NewTest" tests="2" failures="0" timestamp="24 Apr 2016 14:11:19 GMT" time="10.936" errors="0">
  <testcase name="testEasy" time="7.548" classname="example.NewTest"/>
  <testcase name="testEasy1" time="3.388" classname="example.NewTest"/>
</testsuite> <!-- example.NewTest -->
